[debug] [2026-01-08T01:30:49.001Z] ----------------------------------------------------------------------
[debug] [2026-01-08T01:30:49.005Z] Command:       /Users/puneet/.nvm/versions/node/v20.19.6/bin/node /usr/local/bin/firebase emulators:start --only functions,firestore
[debug] [2026-01-08T01:30:49.005Z] CLI Version:   10.1.4
[debug] [2026-01-08T01:30:49.005Z] Platform:      darwin
[debug] [2026-01-08T01:30:49.005Z] Node Version:  v20.19.6
[debug] [2026-01-08T01:30:49.005Z] Time:          Wed Jan 07 2026 20:30:49 GMT-0500 (Eastern Standard Time)
[debug] [2026-01-08T01:30:49.006Z] ----------------------------------------------------------------------
[debug] 
[debug] [2026-01-08T01:30:49.084Z] Field ".functions" in "firebase.json" is possibly invalid: should be object
[debug] [2026-01-08T01:30:49.090Z] > command requires scopes: ["email","openid","https://www.googleapis.com/auth/cloudplatformprojects.readonly","https://www.googleapis.com/auth/firebase","https://www.googleapis.com/auth/cloud-platform"]
[debug] [2026-01-08T01:30:49.090Z] > authorizing via signed-in user (dev.vaultedapp@gmail.com)
[info] i  emulators: Starting emulators: functions, firestore {"metadata":{"emulator":{"name":"hub"},"message":"Starting emulators: functions, firestore"}}
[debug] [2026-01-08T01:30:49.193Z] [hub] writing locator at /var/folders/vr/q2wscbn14310myb7dqcsssqm0000gn/T/hub-dev-vaultapp.json
[warn] ⚠  functions: The following emulators are not running, calls to these services from the Functions emulator will affect production: auth, database, hosting, pubsub, storage {"metadata":{"emulator":{"name":"functions"},"message":"The following emulators are not running, calls to these services from the Functions emulator will affect production: \u001b[1mauth, database, hosting, pubsub, storage\u001b[22m"}}
[info] ✔  functions: Using node@20 from host. {"metadata":{"emulator":{"name":"functions"},"message":"Using node@20 from host."}}
[debug] [2026-01-08T01:30:49.520Z] defaultcredentials: writing to file /Users/puneet/.config/firebase/dev_vaultedapp_gmail.com_application_default_credentials.json
[debug] [2026-01-08T01:30:49.522Z] Setting GAC to /Users/puneet/.config/firebase/dev_vaultedapp_gmail.com_application_default_credentials.json {"metadata":{"emulator":{"name":"functions"},"message":"Setting GAC to /Users/puneet/.config/firebase/dev_vaultedapp_gmail.com_application_default_credentials.json"}}
[debug] [2026-01-08T01:30:49.524Z] > refreshing access token with scopes: []
[debug] [2026-01-08T01:30:49.525Z] >>> HTTP REQUEST POST https://www.googleapis.com/oauth2/v3/token  
 <request body omitted>
[debug] [2026-01-08T01:30:50.037Z] <<< HTTP RESPONSE 200 {"date":"Thu, 08 Jan 2026 01:30:49 GMT","pragma":"no-cache","expires":"Mon, 01 Jan 1990 00:00:00 GMT","cache-control":"no-cache, no-store, max-age=0, must-revalidate","content-type":"application/json; charset=utf-8","vary":"X-Origin, Referer, Origin,Accept-Encoding","server":"scaffolding on HTTPServer2","x-xss-protection":"0","x-frame-options":"SAMEORIGIN","x-content-type-options":"nosniff","alt-svc":"h3=\":443\"; ma=2592000,h3-29=\":443\"; ma=2592000","accept-ranges":"none","transfer-encoding":"chunked"}
[debug] [2026-01-08T01:30:50.085Z] >>> [apiv2][query] GET https://firebase.googleapis.com/v1beta1/projects/dev-vaultapp/adminSdkConfig [none]
[debug] [2026-01-08T01:30:51.150Z] Failed to get Admin SDK config for dev-vaultapp, falling back to cacheFailed to get Admin SDK for Firebase project dev-vaultapp. Please make sure the project exists and your account has permission to access it. {"name":"FirebaseError","children":[],"exit":2,"message":"Failed to get Admin SDK for Firebase project dev-vaultapp. Please make sure the project exists and your account has permission to access it.","original":{"name":"FirebaseError","children":[],"exit":1,"message":"Failed to make request to https://firebase.googleapis.com/v1beta1/projects/dev-vaultapp/adminSdkConfig","original":{"message":"request to https://firebase.googleapis.com/v1beta1/projects/dev-vaultapp/adminSdkConfig failed, reason: getaddrinfo ENOTFOUND firebase.googleapis.com","type":"system","errno":"ENOTFOUND","code":"ENOTFOUND"},"status":500},"status":500}
[warn] ⚠  firestore: Did not find a Cloud Firestore rules file specified in a firebase.json config file. {"metadata":{"emulator":{"name":"firestore"},"message":"Did not find a Cloud Firestore rules file specified in a firebase.json config file."}}
[warn] ⚠  firestore: The emulator will default to allowing all reads and writes. Learn more about this option: https://firebase.google.com/docs/emulator-suite/install_and_configure#security_rules_configuration. {"metadata":{"emulator":{"name":"firestore"},"message":"The emulator will default to allowing all reads and writes. Learn more about this option: https://firebase.google.com/docs/emulator-suite/install_and_configure#security_rules_configuration."}}
[debug] [2026-01-08T01:30:51.163Z] Ignoring unsupported arg: projectId {"metadata":{"emulator":{"name":"firestore"},"message":"Ignoring unsupported arg: projectId"}}
[debug] [2026-01-08T01:30:51.163Z] Ignoring unsupported arg: auto_download {"metadata":{"emulator":{"name":"firestore"},"message":"Ignoring unsupported arg: auto_download"}}
[debug] [2026-01-08T01:30:51.163Z] Starting Firestore Emulator with command {"binary":"java","args":["-Dgoogle.cloud_firestore.debug_log_level=FINE","-Duser.language=en","-jar","/Users/puneet/.cache/firebase/emulators/cloud-firestore-emulator-v1.13.1.jar","--host","localhost","--port",8080,"--functions_emulator","localhost:5001"],"optionalArgs":["port","webchannel_port","host","rules","functions_emulator","seed_from_export"],"joinArgs":false} {"metadata":{"emulator":{"name":"firestore"},"message":"Starting Firestore Emulator with command {\"binary\":\"java\",\"args\":[\"-Dgoogle.cloud_firestore.debug_log_level=FINE\",\"-Duser.language=en\",\"-jar\",\"/Users/puneet/.cache/firebase/emulators/cloud-firestore-emulator-v1.13.1.jar\",\"--host\",\"localhost\",\"--port\",8080,\"--functions_emulator\",\"localhost:5001\"],\"optionalArgs\":[\"port\",\"webchannel_port\",\"host\",\"rules\",\"functions_emulator\",\"seed_from_export\"],\"joinArgs\":false}"}}
[info] i  firestore: Firestore Emulator logging to firestore-debug.log {"metadata":{"emulator":{"name":"firestore"},"message":"Firestore Emulator logging to \u001b[1mfirestore-debug.log\u001b[22m"}}
[debug] [2026-01-08T01:30:52.420Z] Jan 07, 2026 8:30:52 PM com.google.cloud.datastore.emulator.firestore.websocket.WebSocketServer start
INFO: Started WebSocket server on ws://localhost:49824
 {"metadata":{"emulator":{"name":"firestore"},"message":"Jan 07, 2026 8:30:52 PM com.google.cloud.datastore.emulator.firestore.websocket.WebSocketServer start\nINFO: Started WebSocket server on ws://localhost:49824\n"}}
[debug] [2026-01-08T01:30:52.449Z] API endpoint: http://localhost {"metadata":{"emulator":{"name":"firestore"},"message":"API endpoint: http://localhost"}}
[debug] [2026-01-08T01:30:52.449Z] :8080
If you are using a library that supports the FIRESTORE_EMULATOR_HOST environment variable, run:

   export FIRESTORE_EMULATOR_HOST=localhost:8080

Dev App Server is now running.

 {"metadata":{"emulator":{"name":"firestore"},"message":":8080\nIf you are using a library that supports the FIRESTORE_EMULATOR_HOST environment variable, run:\n\n   export FIRESTORE_EMULATOR_HOST=localhost:8080\n\nDev App Server is now running.\n\n"}}
[debug] [2026-01-08T01:30:52.686Z] Ignoring unsupported arg: auto_download {"metadata":{"emulator":{"name":"ui"},"message":"Ignoring unsupported arg: auto_download"}}
[debug] [2026-01-08T01:30:52.686Z] Ignoring unsupported arg: port {"metadata":{"emulator":{"name":"ui"},"message":"Ignoring unsupported arg: port"}}
[debug] [2026-01-08T01:30:52.686Z] Starting Emulator UI with command {"binary":"node","args":["/Users/puneet/.cache/firebase/emulators/ui-v1.6.4/server.bundle.js"],"optionalArgs":[],"joinArgs":false} {"metadata":{"emulator":{"name":"ui"},"message":"Starting Emulator UI with command {\"binary\":\"node\",\"args\":[\"/Users/puneet/.cache/firebase/emulators/ui-v1.6.4/server.bundle.js\"],\"optionalArgs\":[],\"joinArgs\":false}"}}
[info] i  ui: Emulator UI logging to ui-debug.log {"metadata":{"emulator":{"name":"ui"},"message":"Emulator UI logging to \u001b[1mui-debug.log\u001b[22m"}}
[debug] [2026-01-08T01:30:52.950Z] Web / API server started at localhost:4000
 {"metadata":{"emulator":{"name":"ui"},"message":"Web / API server started at localhost:4000\n"}}
[info] i  functions: Watching "/Users/puneet/workspace/vault-app/functions" for Cloud Functions... {"metadata":{"emulator":{"name":"functions"},"message":"Watching \"/Users/puneet/workspace/vault-app/functions\" for Cloud Functions..."}}
[debug] [2026-01-08T01:30:53.199Z] [worker-pool] addWorker(~diagnostic~) {"metadata":{"emulator":{"name":"functions"},"message":"[worker-pool] addWorker(~diagnostic~)"}}
[debug] [2026-01-08T01:30:53.199Z] [worker-pool] Adding worker with key ~diagnostic~, total=1 {"metadata":{"emulator":{"name":"functions"},"message":"[worker-pool] Adding worker with key ~diagnostic~, total=1"}}
[debug] [2026-01-08T01:30:53.199Z] [worker-pool] submitWork(triggerId=) {"metadata":{"emulator":{"name":"functions"},"message":"[worker-pool] submitWork(triggerId=)"}}
[debug] [2026-01-08T01:30:53.199Z] [worker-~diagnostic~-05898601-fa30-48ad-b44c-529513ef82c2]: Assigning socketPath: /var/folders/vr/q2wscbn14310myb7dqcsssqm0000gn/T/fire_emu_5723.sock {"metadata":{"emulator":{"name":"functions"},"message":"[worker-~diagnostic~-05898601-fa30-48ad-b44c-529513ef82c2]: Assigning socketPath: /var/folders/vr/q2wscbn14310myb7dqcsssqm0000gn/T/fire_emu_5723.sock"}}
[debug] [2026-01-08T01:30:53.200Z] [worker-~diagnostic~-05898601-fa30-48ad-b44c-529513ef82c2]: BUSY {"metadata":{"emulator":{"name":"functions"},"message":"[worker-~diagnostic~-05898601-fa30-48ad-b44c-529513ef82c2]: BUSY"}}
[debug] [2026-01-08T01:30:53.378Z] [runtime-status] [5723] Functions runtime initialized. {"cwd":"/Users/puneet/workspace/vault-app/functions","node_version":"20.19.6"} {"metadata":{"emulator":{"name":"functions"},"message":"[runtime-status] [5723] Functions runtime initialized. {\"cwd\":\"/Users/puneet/workspace/vault-app/functions\",\"node_version\":\"20.19.6\"}"}}
[debug] [2026-01-08T01:30:53.378Z] [runtime-status] [5723] Disabled runtime features: undefined {"metadata":{"emulator":{"name":"functions"},"message":"[runtime-status] [5723] Disabled runtime features: undefined"}}
[debug] [2026-01-08T01:30:53.381Z] [runtime-status] [5723] Resolved module firebase-admin {"declared":true,"installed":true,"version":"9.12.0","resolution":"/Users/puneet/workspace/vault-app/functions/node_modules/firebase-admin/lib/index.js"} {"metadata":{"emulator":{"name":"functions"},"message":"[runtime-status] [5723] Resolved module firebase-admin {\"declared\":true,\"installed\":true,\"version\":\"9.12.0\",\"resolution\":\"/Users/puneet/workspace/vault-app/functions/node_modules/firebase-admin/lib/index.js\"}"}}
[debug] [2026-01-08T01:30:53.385Z] [runtime-status] [5723] Resolved module firebase-functions {"declared":true,"installed":true,"version":"3.24.1","resolution":"/Users/puneet/workspace/vault-app/functions/node_modules/firebase-functions/lib/index.js"} {"metadata":{"emulator":{"name":"functions"},"message":"[runtime-status] [5723] Resolved module firebase-functions {\"declared\":true,\"installed\":true,\"version\":\"3.24.1\",\"resolution\":\"/Users/puneet/workspace/vault-app/functions/node_modules/firebase-functions/lib/index.js\"}"}}
[debug] [2026-01-08T01:30:53.387Z] [runtime-status] [5723] Outgoing network have been stubbed. [{"name":"http","status":"mocked"},{"name":"http","status":"mocked"},{"name":"https","status":"mocked"},{"name":"https","status":"mocked"},{"name":"net","status":"mocked"}] {"metadata":{"emulator":{"name":"functions"},"message":"[runtime-status] [5723] Outgoing network have been stubbed. [{\"name\":\"http\",\"status\":\"mocked\"},{\"name\":\"http\",\"status\":\"mocked\"},{\"name\":\"https\",\"status\":\"mocked\"},{\"name\":\"https\",\"status\":\"mocked\"},{\"name\":\"net\",\"status\":\"mocked\"}]"}}
[debug] [2026-01-08T01:30:53.388Z] [runtime-status] [5723] Resolved module firebase-functions {"declared":true,"installed":true,"version":"3.24.1","resolution":"/Users/puneet/workspace/vault-app/functions/node_modules/firebase-functions/lib/index.js"} {"metadata":{"emulator":{"name":"functions"},"message":"[runtime-status] [5723] Resolved module firebase-functions {\"declared\":true,\"installed\":true,\"version\":\"3.24.1\",\"resolution\":\"/Users/puneet/workspace/vault-app/functions/node_modules/firebase-functions/lib/index.js\"}"}}
[debug] [2026-01-08T01:30:53.458Z] [runtime-status] [5723] Checked functions.config() {"config":{}} {"metadata":{"emulator":{"name":"functions"},"message":"[runtime-status] [5723] Checked functions.config() {\"config\":{}}"}}
[debug] [2026-01-08T01:30:53.458Z] [runtime-status] [5723] firebase-functions has been stubbed. {"functionsResolution":{"declared":true,"installed":true,"version":"3.24.1","resolution":"/Users/puneet/workspace/vault-app/functions/node_modules/firebase-functions/lib/index.js"}} {"metadata":{"emulator":{"name":"functions"},"message":"[runtime-status] [5723] firebase-functions has been stubbed. {\"functionsResolution\":{\"declared\":true,\"installed\":true,\"version\":\"3.24.1\",\"resolution\":\"/Users/puneet/workspace/vault-app/functions/node_modules/firebase-functions/lib/index.js\"}}"}}
[debug] [2026-01-08T01:30:53.458Z] [runtime-status] [5723] Resolved module firebase-functions {"declared":true,"installed":true,"version":"3.24.1","resolution":"/Users/puneet/workspace/vault-app/functions/node_modules/firebase-functions/lib/index.js"} {"metadata":{"emulator":{"name":"functions"},"message":"[runtime-status] [5723] Resolved module firebase-functions {\"declared\":true,\"installed\":true,\"version\":\"3.24.1\",\"resolution\":\"/Users/puneet/workspace/vault-app/functions/node_modules/firebase-functions/lib/index.js\"}"}}
[debug] [2026-01-08T01:30:53.461Z] [runtime-status] [5723] Resolved module firebase-admin {"declared":true,"installed":true,"version":"9.12.0","resolution":"/Users/puneet/workspace/vault-app/functions/node_modules/firebase-admin/lib/index.js"} {"metadata":{"emulator":{"name":"functions"},"message":"[runtime-status] [5723] Resolved module firebase-admin {\"declared\":true,\"installed\":true,\"version\":\"9.12.0\",\"resolution\":\"/Users/puneet/workspace/vault-app/functions/node_modules/firebase-admin/lib/index.js\"}"}}
[debug] [2026-01-08T01:30:53.462Z] [runtime-status] [5723] Resolved module firebase-functions {"declared":true,"installed":true,"version":"3.24.1","resolution":"/Users/puneet/workspace/vault-app/functions/node_modules/firebase-functions/lib/index.js"} {"metadata":{"emulator":{"name":"functions"},"message":"[runtime-status] [5723] Resolved module firebase-functions {\"declared\":true,\"installed\":true,\"version\":\"3.24.1\",\"resolution\":\"/Users/puneet/workspace/vault-app/functions/node_modules/firebase-functions/lib/index.js\"}"}}
[debug] [2026-01-08T01:30:53.462Z] [runtime-status] [5723] firebase-admin has been stubbed. {"adminResolution":{"declared":true,"installed":true,"version":"9.12.0","resolution":"/Users/puneet/workspace/vault-app/functions/node_modules/firebase-admin/lib/index.js"}} {"metadata":{"emulator":{"name":"functions"},"message":"[runtime-status] [5723] firebase-admin has been stubbed. {\"adminResolution\":{\"declared\":true,\"installed\":true,\"version\":\"9.12.0\",\"resolution\":\"/Users/puneet/workspace/vault-app/functions/node_modules/firebase-admin/lib/index.js\"}}"}}
[debug] [2026-01-08T01:30:54.022Z] [runtime-status] [5723] initializeApp(DEFAULT) {"storageBucket":"dev-vaultapp.firebasestorage.app","databaseURL":"https://dev-vaultapp-default-rtdb.firebaseio.com","projectId":"dev-vaultapp"} {"metadata":{"emulator":{"name":"functions"},"message":"[runtime-status] [5723] initializeApp(DEFAULT) {\"storageBucket\":\"dev-vaultapp.firebasestorage.app\",\"databaseURL\":\"https://dev-vaultapp-default-rtdb.firebaseio.com\",\"projectId\":\"dev-vaultapp\"}"}}
[info] ✔  functions[us-central1-exportInventoryToExcel]: http function initialized (http://localhost:5001/dev-vaultapp/us-central1/exportInventoryToExcel). {"metadata":{"emulator":{"name":"functions"},"message":"\u001b[1mhttp\u001b[22m function initialized (http://localhost:5001/dev-vaultapp/us-central1/exportInventoryToExcel)."}}
[info] ✔  functions[us-central1-analyzeShoeMetadata]: http function initialized (http://localhost:5001/dev-vaultapp/us-central1/analyzeShoeMetadata). {"metadata":{"emulator":{"name":"functions"},"message":"\u001b[1mhttp\u001b[22m function initialized (http://localhost:5001/dev-vaultapp/us-central1/analyzeShoeMetadata)."}}
[info] ✔  functions[us-central1-lookupbarcode]: http function initialized (http://localhost:5001/dev-vaultapp/us-central1/lookupbarcode). {"metadata":{"emulator":{"name":"functions"},"message":"\u001b[1mhttp\u001b[22m function initialized (http://localhost:5001/dev-vaultapp/us-central1/lookupbarcode)."}}
[info] 
┌─────────────────────────────────────────────────────────────┐
│ ✔  All emulators ready! It is now safe to connect your app. │
│ i  View Emulator UI at http://localhost:4000                │
└─────────────────────────────────────────────────────────────┘

┌───────────┬────────────────┬─────────────────────────────────┐
│ Emulator  │ Host:Port      │ View in Emulator UI             │
├───────────┼────────────────┼─────────────────────────────────┤
│ Functions │ localhost:5001 │ http://localhost:4000/functions │
├───────────┼────────────────┼─────────────────────────────────┤
│ Firestore │ localhost:8080 │ http://localhost:4000/firestore │
└───────────┴────────────────┴─────────────────────────────────┘
  Emulator Hub running at localhost:4400
  Other reserved ports: 4500

Issues? Report them at https://github.com/firebase/firebase-tools/issues and attach the *-debug.log files.
 
[debug] [2026-01-08T01:30:54.061Z] [worker-~diagnostic~-05898601-fa30-48ad-b44c-529513ef82c2]: IDLE {"metadata":{"emulator":{"name":"functions"},"message":"[worker-~diagnostic~-05898601-fa30-48ad-b44c-529513ef82c2]: IDLE"}}
[debug] [2026-01-08T02:54:04.875Z] ----------------------------------------------------------------------
[debug] [2026-01-08T02:54:04.879Z] Command:       /Users/puneet/.nvm/versions/node/v20.19.6/bin/node /usr/local/bin/firebase emulators:start --only functions
[debug] [2026-01-08T02:54:04.880Z] CLI Version:   10.1.4
[debug] [2026-01-08T02:54:04.880Z] Platform:      darwin
[debug] [2026-01-08T02:54:04.880Z] Node Version:  v20.19.6
[debug] [2026-01-08T02:54:04.880Z] Time:          Wed Jan 07 2026 21:54:04 GMT-0500 (Eastern Standard Time)
[debug] [2026-01-08T02:54:04.880Z] ----------------------------------------------------------------------
[debug] 
[debug] [2026-01-08T02:54:04.883Z] >>> [apiv2][query] GET https://firebase-public.firebaseio.com/cli.json [none]
[debug] [2026-01-08T02:54:05.011Z] Field ".functions" in "firebase.json" is possibly invalid: should be object
[debug] [2026-01-08T02:54:05.019Z] > command requires scopes: ["email","openid","https://www.googleapis.com/auth/cloudplatformprojects.readonly","https://www.googleapis.com/auth/firebase","https://www.googleapis.com/auth/cloud-platform"]
[debug] [2026-01-08T02:54:05.019Z] > authorizing via signed-in user (dev.vaultedapp@gmail.com)
[info] i  emulators: Starting emulators: functions {"metadata":{"emulator":{"name":"hub"},"message":"Starting emulators: functions"}}
[debug] [2026-01-08T02:54:05.040Z] [hub] writing locator at /var/folders/vr/q2wscbn14310myb7dqcsssqm0000gn/T/hub-dev-vaultapp.json
[warn] ⚠  functions: The following emulators are not running, calls to these services from the Functions emulator will affect production: auth, firestore, database, hosting, pubsub, storage {"metadata":{"emulator":{"name":"functions"},"message":"The following emulators are not running, calls to these services from the Functions emulator will affect production: \u001b[1mauth, firestore, database, hosting, pubsub, storage\u001b[22m"}}
[info] ✔  functions: Using node@20 from host. {"metadata":{"emulator":{"name":"functions"},"message":"Using node@20 from host."}}
[debug] [2026-01-08T02:54:05.070Z] defaultcredentials: writing to file /Users/puneet/.config/firebase/dev_vaultedapp_gmail.com_application_default_credentials.json
[debug] [2026-01-08T02:54:05.071Z] Setting GAC to /Users/puneet/.config/firebase/dev_vaultedapp_gmail.com_application_default_credentials.json {"metadata":{"emulator":{"name":"functions"},"message":"Setting GAC to /Users/puneet/.config/firebase/dev_vaultedapp_gmail.com_application_default_credentials.json"}}
[debug] [2026-01-08T02:54:05.072Z] > refreshing access token with scopes: []
[debug] [2026-01-08T02:54:05.073Z] >>> HTTP REQUEST POST https://www.googleapis.com/oauth2/v3/token  
 <request body omitted>
[debug] [2026-01-08T02:54:05.194Z] <<< [apiv2][status] GET https://firebase-public.firebaseio.com/cli.json 200
[debug] [2026-01-08T02:54:05.194Z] <<< [apiv2][body] GET https://firebase-public.firebaseio.com/cli.json {"cloudBuildErrorAfter":1594252800000,"cloudBuildWarnAfter":1590019200000,"defaultNode10After":1594252800000,"minVersion":"3.0.5","node8DeploysDisabledAfter":1613390400000,"node8RuntimeDisabledAfter":1615809600000,"node8WarnAfter":1600128000000}
[debug] [2026-01-08T02:54:05.535Z] <<< HTTP RESPONSE 200 {"cache-control":"no-cache, no-store, max-age=0, must-revalidate","date":"Thu, 08 Jan 2026 02:54:05 GMT","expires":"Mon, 01 Jan 1990 00:00:00 GMT","pragma":"no-cache","content-type":"application/json; charset=utf-8","vary":"X-Origin, Referer, Origin,Accept-Encoding","server":"scaffolding on HTTPServer2","x-xss-protection":"0","x-frame-options":"SAMEORIGIN","x-content-type-options":"nosniff","alt-svc":"h3=\":443\"; ma=2592000,h3-29=\":443\"; ma=2592000","accept-ranges":"none","transfer-encoding":"chunked"}
[debug] [2026-01-08T02:54:05.580Z] >>> [apiv2][query] GET https://firebase.googleapis.com/v1beta1/projects/dev-vaultapp/adminSdkConfig [none]
[debug] [2026-01-08T02:54:05.995Z] <<< [apiv2][status] GET https://firebase.googleapis.com/v1beta1/projects/dev-vaultapp/adminSdkConfig 200
[debug] [2026-01-08T02:54:05.995Z] <<< [apiv2][body] GET https://firebase.googleapis.com/v1beta1/projects/dev-vaultapp/adminSdkConfig {"projectId":"dev-vaultapp","databaseURL":"https://dev-vaultapp-default-rtdb.firebaseio.com","storageBucket":"dev-vaultapp.firebasestorage.app"}
[debug] [2026-01-08T02:54:06.028Z] Ignoring unsupported arg: auto_download {"metadata":{"emulator":{"name":"ui"},"message":"Ignoring unsupported arg: auto_download"}}
[debug] [2026-01-08T02:54:06.029Z] Ignoring unsupported arg: port {"metadata":{"emulator":{"name":"ui"},"message":"Ignoring unsupported arg: port"}}
[debug] [2026-01-08T02:54:06.029Z] Starting Emulator UI with command {"binary":"node","args":["/Users/puneet/.cache/firebase/emulators/ui-v1.6.4/server.bundle.js"],"optionalArgs":[],"joinArgs":false} {"metadata":{"emulator":{"name":"ui"},"message":"Starting Emulator UI with command {\"binary\":\"node\",\"args\":[\"/Users/puneet/.cache/firebase/emulators/ui-v1.6.4/server.bundle.js\"],\"optionalArgs\":[],\"joinArgs\":false}"}}
[info] i  ui: Emulator UI logging to ui-debug.log {"metadata":{"emulator":{"name":"ui"},"message":"Emulator UI logging to \u001b[1mui-debug.log\u001b[22m"}}
[debug] [2026-01-08T02:54:06.291Z] Web / API server started at localhost:4000
 {"metadata":{"emulator":{"name":"ui"},"message":"Web / API server started at localhost:4000\n"}}
[info] i  functions: Watching "/Users/puneet/workspace/vault-app/functions" for Cloud Functions... {"metadata":{"emulator":{"name":"functions"},"message":"Watching \"/Users/puneet/workspace/vault-app/functions\" for Cloud Functions..."}}
[debug] [2026-01-08T02:54:06.544Z] [worker-pool] addWorker(~diagnostic~) {"metadata":{"emulator":{"name":"functions"},"message":"[worker-pool] addWorker(~diagnostic~)"}}
[debug] [2026-01-08T02:54:06.544Z] [worker-pool] Adding worker with key ~diagnostic~, total=1 {"metadata":{"emulator":{"name":"functions"},"message":"[worker-pool] Adding worker with key ~diagnostic~, total=1"}}
[debug] [2026-01-08T02:54:06.545Z] [worker-pool] submitWork(triggerId=) {"metadata":{"emulator":{"name":"functions"},"message":"[worker-pool] submitWork(triggerId=)"}}
[debug] [2026-01-08T02:54:06.545Z] [worker-~diagnostic~-d60b06ae-2353-4b61-9176-16ecee2cf0ff]: Assigning socketPath: /var/folders/vr/q2wscbn14310myb7dqcsssqm0000gn/T/fire_emu_10275.sock {"metadata":{"emulator":{"name":"functions"},"message":"[worker-~diagnostic~-d60b06ae-2353-4b61-9176-16ecee2cf0ff]: Assigning socketPath: /var/folders/vr/q2wscbn14310myb7dqcsssqm0000gn/T/fire_emu_10275.sock"}}
[debug] [2026-01-08T02:54:06.545Z] [worker-~diagnostic~-d60b06ae-2353-4b61-9176-16ecee2cf0ff]: BUSY {"metadata":{"emulator":{"name":"functions"},"message":"[worker-~diagnostic~-d60b06ae-2353-4b61-9176-16ecee2cf0ff]: BUSY"}}
[debug] [2026-01-08T02:54:06.724Z] [runtime-status] [10275] Functions runtime initialized. {"cwd":"/Users/puneet/workspace/vault-app/functions","node_version":"20.19.6"} {"metadata":{"emulator":{"name":"functions"},"message":"[runtime-status] [10275] Functions runtime initialized. {\"cwd\":\"/Users/puneet/workspace/vault-app/functions\",\"node_version\":\"20.19.6\"}"}}
[debug] [2026-01-08T02:54:06.726Z] [runtime-status] [10275] Disabled runtime features: undefined {"metadata":{"emulator":{"name":"functions"},"message":"[runtime-status] [10275] Disabled runtime features: undefined"}}
[debug] [2026-01-08T02:54:06.730Z] [runtime-status] [10275] Resolved module firebase-admin {"declared":true,"installed":true,"version":"9.12.0","resolution":"/Users/puneet/workspace/vault-app/functions/node_modules/firebase-admin/lib/index.js"} {"metadata":{"emulator":{"name":"functions"},"message":"[runtime-status] [10275] Resolved module firebase-admin {\"declared\":true,\"installed\":true,\"version\":\"9.12.0\",\"resolution\":\"/Users/puneet/workspace/vault-app/functions/node_modules/firebase-admin/lib/index.js\"}"}}
[debug] [2026-01-08T02:54:06.735Z] [runtime-status] [10275] Resolved module firebase-functions {"declared":true,"installed":true,"version":"3.24.1","resolution":"/Users/puneet/workspace/vault-app/functions/node_modules/firebase-functions/lib/index.js"} {"metadata":{"emulator":{"name":"functions"},"message":"[runtime-status] [10275] Resolved module firebase-functions {\"declared\":true,\"installed\":true,\"version\":\"3.24.1\",\"resolution\":\"/Users/puneet/workspace/vault-app/functions/node_modules/firebase-functions/lib/index.js\"}"}}
[debug] [2026-01-08T02:54:06.737Z] [runtime-status] [10275] Outgoing network have been stubbed. [{"name":"http","status":"mocked"},{"name":"http","status":"mocked"},{"name":"https","status":"mocked"},{"name":"https","status":"mocked"},{"name":"net","status":"mocked"}] {"metadata":{"emulator":{"name":"functions"},"message":"[runtime-status] [10275] Outgoing network have been stubbed. [{\"name\":\"http\",\"status\":\"mocked\"},{\"name\":\"http\",\"status\":\"mocked\"},{\"name\":\"https\",\"status\":\"mocked\"},{\"name\":\"https\",\"status\":\"mocked\"},{\"name\":\"net\",\"status\":\"mocked\"}]"}}
[debug] [2026-01-08T02:54:06.738Z] [runtime-status] [10275] Resolved module firebase-functions {"declared":true,"installed":true,"version":"3.24.1","resolution":"/Users/puneet/workspace/vault-app/functions/node_modules/firebase-functions/lib/index.js"} {"metadata":{"emulator":{"name":"functions"},"message":"[runtime-status] [10275] Resolved module firebase-functions {\"declared\":true,\"installed\":true,\"version\":\"3.24.1\",\"resolution\":\"/Users/puneet/workspace/vault-app/functions/node_modules/firebase-functions/lib/index.js\"}"}}
[debug] [2026-01-08T02:54:06.845Z] [runtime-status] [10275] Checked functions.config() {"config":{}} {"metadata":{"emulator":{"name":"functions"},"message":"[runtime-status] [10275] Checked functions.config() {\"config\":{}}"}}
[debug] [2026-01-08T02:54:06.845Z] [runtime-status] [10275] firebase-functions has been stubbed. {"functionsResolution":{"declared":true,"installed":true,"version":"3.24.1","resolution":"/Users/puneet/workspace/vault-app/functions/node_modules/firebase-functions/lib/index.js"}} {"metadata":{"emulator":{"name":"functions"},"message":"[runtime-status] [10275] firebase-functions has been stubbed. {\"functionsResolution\":{\"declared\":true,\"installed\":true,\"version\":\"3.24.1\",\"resolution\":\"/Users/puneet/workspace/vault-app/functions/node_modules/firebase-functions/lib/index.js\"}}"}}
[debug] [2026-01-08T02:54:06.846Z] [runtime-status] [10275] Resolved module firebase-functions {"declared":true,"installed":true,"version":"3.24.1","resolution":"/Users/puneet/workspace/vault-app/functions/node_modules/firebase-functions/lib/index.js"} {"metadata":{"emulator":{"name":"functions"},"message":"[runtime-status] [10275] Resolved module firebase-functions {\"declared\":true,\"installed\":true,\"version\":\"3.24.1\",\"resolution\":\"/Users/puneet/workspace/vault-app/functions/node_modules/firebase-functions/lib/index.js\"}"}}
[debug] [2026-01-08T02:54:06.847Z] [runtime-status] [10275] Resolved module firebase-admin {"declared":true,"installed":true,"version":"9.12.0","resolution":"/Users/puneet/workspace/vault-app/functions/node_modules/firebase-admin/lib/index.js"} {"metadata":{"emulator":{"name":"functions"},"message":"[runtime-status] [10275] Resolved module firebase-admin {\"declared\":true,\"installed\":true,\"version\":\"9.12.0\",\"resolution\":\"/Users/puneet/workspace/vault-app/functions/node_modules/firebase-admin/lib/index.js\"}"}}
[debug] [2026-01-08T02:54:06.848Z] [runtime-status] [10275] Resolved module firebase-functions {"declared":true,"installed":true,"version":"3.24.1","resolution":"/Users/puneet/workspace/vault-app/functions/node_modules/firebase-functions/lib/index.js"} {"metadata":{"emulator":{"name":"functions"},"message":"[runtime-status] [10275] Resolved module firebase-functions {\"declared\":true,\"installed\":true,\"version\":\"3.24.1\",\"resolution\":\"/Users/puneet/workspace/vault-app/functions/node_modules/firebase-functions/lib/index.js\"}"}}
[debug] [2026-01-08T02:54:06.848Z] [runtime-status] [10275] firebase-admin has been stubbed. {"adminResolution":{"declared":true,"installed":true,"version":"9.12.0","resolution":"/Users/puneet/workspace/vault-app/functions/node_modules/firebase-admin/lib/index.js"}} {"metadata":{"emulator":{"name":"functions"},"message":"[runtime-status] [10275] firebase-admin has been stubbed. {\"adminResolution\":{\"declared\":true,\"installed\":true,\"version\":\"9.12.0\",\"resolution\":\"/Users/puneet/workspace/vault-app/functions/node_modules/firebase-admin/lib/index.js\"}}"}}
[debug] [2026-01-08T02:54:07.504Z] [runtime-status] [10275] initializeApp(DEFAULT) {"storageBucket":"dev-vaultapp.firebasestorage.app","databaseURL":"https://dev-vaultapp-default-rtdb.firebaseio.com","projectId":"dev-vaultapp"} {"metadata":{"emulator":{"name":"functions"},"message":"[runtime-status] [10275] initializeApp(DEFAULT) {\"storageBucket\":\"dev-vaultapp.firebasestorage.app\",\"databaseURL\":\"https://dev-vaultapp-default-rtdb.firebaseio.com\",\"projectId\":\"dev-vaultapp\"}"}}
[warn] ⚠  functions: The Cloud Firestore emulator is not running, so calls to Firestore will affect production. {"metadata":{"emulator":{"name":"functions"},"message":"The Cloud Firestore emulator is not running, so calls to Firestore will affect production."}}
[info] ✔  functions[us-central1-exportInventoryToExcel]: http function initialized (http://localhost:5001/dev-vaultapp/us-central1/exportInventoryToExcel). {"metadata":{"emulator":{"name":"functions"},"message":"\u001b[1mhttp\u001b[22m function initialized (http://localhost:5001/dev-vaultapp/us-central1/exportInventoryToExcel)."}}
[info] ✔  functions[us-central1-analyzeShoeMetadata]: http function initialized (http://localhost:5001/dev-vaultapp/us-central1/analyzeShoeMetadata). {"metadata":{"emulator":{"name":"functions"},"message":"\u001b[1mhttp\u001b[22m function initialized (http://localhost:5001/dev-vaultapp/us-central1/analyzeShoeMetadata)."}}
[info] ✔  functions[us-central1-lookupbarcode]: http function initialized (http://localhost:5001/dev-vaultapp/us-central1/lookupbarcode). {"metadata":{"emulator":{"name":"functions"},"message":"\u001b[1mhttp\u001b[22m function initialized (http://localhost:5001/dev-vaultapp/us-central1/lookupbarcode)."}}
[info] 
┌─────────────────────────────────────────────────────────────┐
│ ✔  All emulators ready! It is now safe to connect your app. │
│ i  View Emulator UI at http://localhost:4000                │
└─────────────────────────────────────────────────────────────┘

┌───────────┬────────────────┬─────────────────────────────────┐
│ Emulator  │ Host:Port      │ View in Emulator UI             │
├───────────┼────────────────┼─────────────────────────────────┤
│ Functions │ localhost:5001 │ http://localhost:4000/functions │
└───────────┴────────────────┴─────────────────────────────────┘
  Emulator Hub running at localhost:4400
  Other reserved ports: 4500

Issues? Report them at https://github.com/firebase/firebase-tools/issues and attach the *-debug.log files.
 
[debug] [2026-01-08T02:54:07.550Z] [worker-~diagnostic~-d60b06ae-2353-4b61-9176-16ecee2cf0ff]: IDLE {"metadata":{"emulator":{"name":"functions"},"message":"[worker-~diagnostic~-d60b06ae-2353-4b61-9176-16ecee2cf0ff]: IDLE"}}
